<?xml version="1.0" encoding="UTF-8"?>
<testsuite name="org.kasbench.globeco_order_service.GlobecoOrderServiceApplicationTests" tests="1" skipped="0" failures="0" errors="0" timestamp="2025-05-12T00:20:05.488Z" hostname="Noahs-Mac-mini.local" time="0.261">
  <properties/>
  <testcase name="contextLoads()" classname="org.kasbench.globeco_order_service.GlobecoOrderServiceApplicationTests" time="0.261"/>
  <system-out><![CDATA[20:20:04.147 [Test worker] INFO org.springframework.test.context.support.AnnotationConfigContextLoaderUtils -- Could not detect default configuration classes for test class [org.kasbench.globeco_order_service.GlobecoOrderServiceApplicationTests]: GlobecoOrderServiceApplicationTests does not declare any static, non-private, non-final, nested classes annotated with @Configuration.
20:20:04.179 [Test worker] INFO org.springframework.boot.test.context.SpringBootTestContextBootstrapper -- Found @SpringBootConfiguration org.kasbench.globeco_order_service.GlobecoOrderServiceApplication for test class org.kasbench.globeco_order_service.GlobecoOrderServiceApplicationTests

  .   ____          _            __ _ _
 /\\ / ___'_ __ _ _(_)_ __  __ _ \ \ \ \
( ( )\___ | '_ | '_| | '_ \/ _` | \ \ \ \
 \\/  ___)| |_)| | | | | || (_| |  ) ) ) )
  '  |____| .__|_| |_|_| |_\__, | / / / /
 =========|_|==============|___/=/_/_/_/

 :: Spring Boot ::                (v3.4.5)

2025-05-11T20:20:04.292-04:00  INFO 34135 --- [globeco-order-service] [    Test worker] .k.g.GlobecoOrderServiceApplicationTests : Starting GlobecoOrderServiceApplicationTests using Java 21.0.7 with PID 34135 (started by noahkrieger in /Users/noahkrieger/projects/dissertation/kasbench/globeco-order-service)
2025-05-11T20:20:04.293-04:00  INFO 34135 --- [globeco-order-service] [    Test worker] .k.g.GlobecoOrderServiceApplicationTests : No active profile set, falling back to 1 default profile: "default"
2025-05-11T20:20:04.544-04:00  INFO 34135 --- [globeco-order-service] [    Test worker] .s.d.r.c.RepositoryConfigurationDelegate : Bootstrapping Spring Data JPA repositories in DEFAULT mode.
2025-05-11T20:20:04.550-04:00  INFO 34135 --- [globeco-order-service] [    Test worker] .s.d.r.c.RepositoryConfigurationDelegate : Finished Spring Data repository scanning in 3 ms. Found 0 JPA repository interfaces.
2025-05-11T20:20:04.742-04:00  INFO 34135 --- [globeco-order-service] [    Test worker] com.zaxxer.hikari.HikariDataSource       : HikariPool-1 - Starting...
2025-05-11T20:20:04.785-04:00  INFO 34135 --- [globeco-order-service] [    Test worker] com.zaxxer.hikari.pool.HikariPool        : HikariPool-1 - Added connection org.postgresql.jdbc.PgConnection@45d389f2
2025-05-11T20:20:04.785-04:00  INFO 34135 --- [globeco-order-service] [    Test worker] com.zaxxer.hikari.HikariDataSource       : HikariPool-1 - Start completed.
2025-05-11T20:20:04.795-04:00  INFO 34135 --- [globeco-order-service] [    Test worker] org.flywaydb.core.FlywayExecutor         : Database: jdbc:postgresql://globeco-order-service-postgresql:5432/postgres (PostgreSQL 17.5)
2025-05-11T20:20:04.817-04:00  INFO 34135 --- [globeco-order-service] [    Test worker] o.f.core.internal.command.DbValidate     : Successfully validated 0 migrations (execution time 00:00.007s)
2025-05-11T20:20:04.817-04:00  WARN 34135 --- [globeco-order-service] [    Test worker] o.f.core.internal.command.DbValidate     : No migrations found. Are your locations set up correctly?
2025-05-11T20:20:04.831-04:00  INFO 34135 --- [globeco-order-service] [    Test worker] o.f.core.internal.command.DbMigrate      : Current version of schema "public": << Empty Schema >>
2025-05-11T20:20:04.832-04:00  INFO 34135 --- [globeco-order-service] [    Test worker] o.f.core.internal.command.DbMigrate      : Schema "public" is up to date. No migration necessary.
2025-05-11T20:20:04.870-04:00  INFO 34135 --- [globeco-order-service] [    Test worker] o.hibernate.jpa.internal.util.LogHelper  : HHH000204: Processing PersistenceUnitInfo [name: default]
2025-05-11T20:20:04.883-04:00  INFO 34135 --- [globeco-order-service] [    Test worker] org.hibernate.Version                    : HHH000412: Hibernate ORM core version 6.6.13.Final
2025-05-11T20:20:04.892-04:00  INFO 34135 --- [globeco-order-service] [    Test worker] o.h.c.internal.RegionFactoryInitiator    : HHH000026: Second-level cache disabled
2025-05-11T20:20:04.973-04:00  INFO 34135 --- [globeco-order-service] [    Test worker] o.s.o.j.p.SpringPersistenceUnitInfo      : No LoadTimeWeaver setup: ignoring JPA class transformer
2025-05-11T20:20:05.002-04:00  INFO 34135 --- [globeco-order-service] [    Test worker] org.hibernate.orm.connections.pooling    : HHH10001005: Database info:
	Database JDBC URL [Connecting through datasource 'HikariDataSource (HikariPool-1)']
	Database driver: undefined/unknown
	Database version: 17.5
	Autocommit mode: undefined/unknown
	Isolation level: undefined/unknown
	Minimum pool size: undefined/unknown
	Maximum pool size: undefined/unknown
2025-05-11T20:20:05.097-04:00  INFO 34135 --- [globeco-order-service] [    Test worker] o.h.e.t.j.p.i.JtaPlatformInitiator       : HHH000489: No JTA platform available (set 'hibernate.transaction.jta.platform' to enable JTA platform integration)
2025-05-11T20:20:05.099-04:00  INFO 34135 --- [globeco-order-service] [    Test worker] j.LocalContainerEntityManagerFactoryBean : Initialized JPA EntityManagerFactory for persistence unit 'default'
2025-05-11T20:20:05.162-04:00  WARN 34135 --- [globeco-order-service] [    Test worker] JpaBaseConfiguration$JpaWebConfiguration : spring.jpa.open-in-view is enabled by default. Therefore, database queries may be performed during view rendering. Explicitly configure spring.jpa.open-in-view to disable this warning
2025-05-11T20:20:05.423-04:00  INFO 34135 --- [globeco-order-service] [    Test worker] o.s.b.a.e.web.EndpointLinksResolver      : Exposing 1 endpoint beneath base path '/actuator'
2025-05-11T20:20:05.451-04:00  INFO 34135 --- [globeco-order-service] [    Test worker] .k.g.GlobecoOrderServiceApplicationTests : Started GlobecoOrderServiceApplicationTests in 1.235 seconds (process running for 1.632)
]]></system-out>
  <system-err><![CDATA[Mockito is currently self-attaching to enable the inline-mock-maker. This will no longer work in future releases of the JDK. Please add Mockito as an agent to your build what is described in Mockito's documentation: https://javadoc.io/doc/org.mockito/mockito-core/latest/org/mockito/Mockito.html#0.3
WARNING: A Java agent has been loaded dynamically (/Users/noahkrieger/.gradle/caches/modules-2/files-2.1/net.bytebuddy/byte-buddy-agent/1.15.11/a38b16385e867f59a641330f0362ebe742788ed8/byte-buddy-agent-1.15.11.jar)
WARNING: If a serviceability tool is in use, please run with -XX:+EnableDynamicAgentLoading to hide this warning
WARNING: If a serviceability tool is not in use, please run with -Djdk.instrument.traceUsage for more information
WARNING: Dynamic loading of agents will be disallowed by default in a future release
]]></system-err>
</testsuite>
